Array
(
    [0] => Invalid HTTP request method.
)

Array
(
    [0] => Invalid HTTP request method.
)

Array
(
    [0] => Invalid HTTP request method.
)

Array
(
    [0] => Invalid HTTP request method.
)

Array
(
    [0] => Invalid HTTP request method.
)

Array
(
    [0] => Invalid HTTP request method.
)

Array
(
    [0] => Invalid HTTP request method.
)

Array
(
    [0] => Invalid HTTP request method.
)

Array
(
    [0] => Invalid HTTP request method.
)

Array
(
    [0] => Invalid HTTP request method.
)

Array
(
    [0] => cURL error: [60] SSL certificate problem: unable to get local issuer certificate
)

Array
(
    [0] => Invalid HTTP request method.
)

Array
(
    [0] => Invalid HTTP request method.
)

Array
(
    [0] => Invalid HTTP request method.
)

Array
(
    [0] => Invalid HTTP request method.
)

Array
(
    [0] => Invalid HTTP request method.
)

Array
(
    [0] => Invalid HTTP request method.
)

Array
(
    [0] => Invalid HTTP request method.
)

Array
(
    [0] => Invalid HTTP request method.
)

